Building DAG of jobs...
Using shell: /bin/bash
Provided cores: 8
Rules claiming more threads will be scaled down.
Job stats:
job            count    min threads    max threads
-----------  -------  -------------  -------------
remove_figs        1              1              1
total              1              1              1

Select jobs to execute...

[Wed Mar  1 17:57:09 2023]
Job 0: Removing figures

[Wed Mar  1 17:57:09 2023]
Error in rule remove_figs:
    jobid: 0
    shell:
        
		rm figures/*/matrix*
		rm figures/*/combined*
		rm figures/*/*.pdf
		rm figures/*/*.eps
		
        (one of the commands exited with non-zero exit code; note that snakemake uses bash strict mode!)

Shutting down, this might take some time.
Exiting because a job execution failed. Look above for error message
Complete log: /Users/a033270622/Documents/GitHub/respat/.snakemake/log/2023-03-01T175708.848091.snakemake.log
